<?xml version="1.0" encoding="UTF-8"?>
<testsuite xmlns:xsi="http://www.w3.org/2001/XMLSchema-instance" xsi:noNamespaceSchemaLocation="https://maven.apache.org/surefire/maven-surefire-plugin/xsd/surefire-test-report.xsd" name="LogTest" time="0.637" tests="1" errors="0" skipped="0" failures="0">
  <properties>
    <property name="sun.desktop" value="windows"/>
    <property name="awt.toolkit" value="sun.awt.windows.WToolkit"/>
    <property name="file.encoding.pkg" value="sun.io"/>
    <property name="java.specification.version" value="1.8"/>
    <property name="sun.cpu.isalist" value="amd64"/>
    <property name="sun.jnu.encoding" value="GBK"/>
    <property name="java.class.path" value="D:\IDEA\ibm_library\service\admin\target\test-classes;D:\IDEA\ibm_library\service\admin\target\classes;D:\IDEA\java_install\apache-maven-3.6.3\repository\org\junit\jupiter\junit-jupiter\5.7.0\junit-jupiter-5.7.0.jar;D:\IDEA\java_install\apache-maven-3.6.3\repository\org\junit\jupiter\junit-jupiter-api\5.7.0\junit-jupiter-api-5.7.0.jar;D:\IDEA\java_install\apache-maven-3.6.3\repository\org\apiguardian\apiguardian-api\1.1.0\apiguardian-api-1.1.0.jar;D:\IDEA\java_install\apache-maven-3.6.3\repository\org\opentest4j\opentest4j\1.2.0\opentest4j-1.2.0.jar;D:\IDEA\java_install\apache-maven-3.6.3\repository\org\junit\platform\junit-platform-commons\1.7.0\junit-platform-commons-1.7.0.jar;D:\IDEA\java_install\apache-maven-3.6.3\repository\org\junit\jupiter\junit-jupiter-params\5.7.0\junit-jupiter-params-5.7.0.jar;D:\IDEA\java_install\apache-maven-3.6.3\repository\org\junit\jupiter\junit-jupiter-engine\5.7.0\junit-jupiter-engine-5.7.0.jar;D:\IDEA\java_install\apache-maven-3.6.3\repository\org\junit\platform\junit-platform-engine\1.7.0\junit-platform-engine-1.7.0.jar;D:\IDEA\java_install\apache-maven-3.6.3\repository\com\aliyun\oss\aliyun-sdk-oss\3.1.0\aliyun-sdk-oss-3.1.0.jar;D:\IDEA\java_install\apache-maven-3.6.3\repository\org\jdom\jdom\1.1\jdom-1.1.jar;D:\IDEA\java_install\apache-maven-3.6.3\repository\com\sun\jersey\jersey-json\1.9\jersey-json-1.9.jar;D:\IDEA\java_install\apache-maven-3.6.3\repository\org\codehaus\jettison\jettison\1.1\jettison-1.1.jar;D:\IDEA\java_install\apache-maven-3.6.3\repository\stax\stax-api\1.0.1\stax-api-1.0.1.jar;D:\IDEA\java_install\apache-maven-3.6.3\repository\com\sun\xml\bind\jaxb-impl\2.2.3-1\jaxb-impl-2.2.3-1.jar;D:\IDEA\java_install\apache-maven-3.6.3\repository\org\codehaus\jackson\jackson-core-asl\1.8.3\jackson-core-asl-1.8.3.jar;D:\IDEA\java_install\apache-maven-3.6.3\repository\org\codehaus\jackson\jackson-mapper-asl\1.8.3\jackson-mapper-asl-1.8.3.jar;D:\IDEA\java_install\apache-maven-3.6.3\repository\org\codehaus\jackson\jackson-jaxrs\1.8.3\jackson-jaxrs-1.8.3.jar;D:\IDEA\java_install\apache-maven-3.6.3\repository\org\codehaus\jackson\jackson-xc\1.8.3\jackson-xc-1.8.3.jar;D:\IDEA\java_install\apache-maven-3.6.3\repository\com\sun\jersey\jersey-core\1.9\jersey-core-1.9.jar;D:\IDEA\java_install\apache-maven-3.6.3\repository\com\aliyun\aliyun-java-sdk-core\4.3.3\aliyun-java-sdk-core-4.3.3.jar;D:\IDEA\java_install\apache-maven-3.6.3\repository\javax\xml\bind\jaxb-api\2.3.1\jaxb-api-2.3.1.jar;D:\IDEA\java_install\apache-maven-3.6.3\repository\javax\activation\javax.activation-api\1.2.0\javax.activation-api-1.2.0.jar;D:\IDEA\java_install\apache-maven-3.6.3\repository\com\sun\xml\bind\jaxb-core\2.3.0.1\jaxb-core-2.3.0.1.jar;D:\IDEA\java_install\apache-maven-3.6.3\repository\javax\activation\activation\1.1.1\activation-1.1.1.jar;D:\IDEA\java_install\apache-maven-3.6.3\repository\org\jacoco\org.jacoco.agent\0.8.3\org.jacoco.agent-0.8.3-runtime.jar;D:\IDEA\java_install\apache-maven-3.6.3\repository\com\aliyun\aliyun-java-sdk-ram\3.0.0\aliyun-java-sdk-ram-3.0.0.jar;D:\IDEA\java_install\apache-maven-3.6.3\repository\com\aliyun\aliyun-java-sdk-sts\3.0.0\aliyun-java-sdk-sts-3.0.0.jar;D:\IDEA\java_install\apache-maven-3.6.3\repository\com\aliyun\aliyun-java-sdk-ecs\4.2.0\aliyun-java-sdk-ecs-4.2.0.jar;D:\IDEA\java_install\apache-maven-3.6.3\repository\joda-time\joda-time\2.10.1\joda-time-2.10.1.jar;D:\IDEA\java_install\apache-maven-3.6.3\repository\com\common\0.0.1-SNAPSHOT\common-0.0.1-SNAPSHOT.jar;D:\IDEA\java_install\apache-maven-3.6.3\repository\org\springframework\boot\spring-boot-starter-data-redis\2.4.0\spring-boot-starter-data-redis-2.4.0.jar;D:\IDEA\java_install\apache-maven-3.6.3\repository\org\springframework\data\spring-data-redis\2.4.1\spring-data-redis-2.4.1.jar;D:\IDEA\java_install\apache-maven-3.6.3\repository\org\springframework\data\spring-data-keyvalue\2.4.1\spring-data-keyvalue-2.4.1.jar;D:\IDEA\java_install\apache-maven-3.6.3\repository\org\springframework\data\spring-data-commons\2.4.1\spring-data-commons-2.4.1.jar;D:\IDEA\java_install\apache-maven-3.6.3\repository\org\springframework\spring-tx\5.3.1\spring-tx-5.3.1.jar;D:\IDEA\java_install\apache-maven-3.6.3\repository\org\springframework\spring-oxm\5.3.1\spring-oxm-5.3.1.jar;D:\IDEA\java_install\apache-maven-3.6.3\repository\org\springframework\spring-context-support\5.3.1\spring-context-support-5.3.1.jar;D:\IDEA\java_install\apache-maven-3.6.3\repository\io\lettuce\lettuce-core\6.0.1.RELEASE\lettuce-core-6.0.1.RELEASE.jar;D:\IDEA\java_install\apache-maven-3.6.3\repository\io\netty\netty-common\4.1.54.Final\netty-common-4.1.54.Final.jar;D:\IDEA\java_install\apache-maven-3.6.3\repository\io\netty\netty-handler\4.1.54.Final\netty-handler-4.1.54.Final.jar;D:\IDEA\java_install\apache-maven-3.6.3\repository\io\netty\netty-resolver\4.1.54.Final\netty-resolver-4.1.54.Final.jar;D:\IDEA\java_install\apache-maven-3.6.3\repository\io\netty\netty-buffer\4.1.54.Final\netty-buffer-4.1.54.Final.jar;D:\IDEA\java_install\apache-maven-3.6.3\repository\io\netty\netty-codec\4.1.54.Final\netty-codec-4.1.54.Final.jar;D:\IDEA\java_install\apache-maven-3.6.3\repository\io\netty\netty-transport\4.1.54.Final\netty-transport-4.1.54.Final.jar;D:\IDEA\java_install\apache-maven-3.6.3\repository\io\projectreactor\reactor-core\3.4.0\reactor-core-3.4.0.jar;D:\IDEA\java_install\apache-maven-3.6.3\repository\org\reactivestreams\reactive-streams\1.0.3\reactive-streams-1.0.3.jar;D:\IDEA\java_install\apache-maven-3.6.3\repository\org\springframework\boot\spring-boot-starter-web\2.4.0\spring-boot-starter-web-2.4.0.jar;D:\IDEA\java_install\apache-maven-3.6.3\repository\org\springframework\boot\spring-boot-starter\2.4.0\spring-boot-starter-2.4.0.jar;D:\IDEA\java_install\apache-maven-3.6.3\repository\org\springframework\boot\spring-boot\2.4.0\spring-boot-2.4.0.jar;D:\IDEA\java_install\apache-maven-3.6.3\repository\org\springframework\boot\spring-boot-autoconfigure\2.4.0\spring-boot-autoconfigure-2.4.0.jar;D:\IDEA\java_install\apache-maven-3.6.3\repository\org\springframework\boot\spring-boot-starter-logging\2.4.0\spring-boot-starter-logging-2.4.0.jar;D:\IDEA\java_install\apache-maven-3.6.3\repository\org\apache\logging\log4j\log4j-to-slf4j\2.13.3\log4j-to-slf4j-2.13.3.jar;D:\IDEA\java_install\apache-maven-3.6.3\repository\org\slf4j\jul-to-slf4j\1.7.30\jul-to-slf4j-1.7.30.jar;D:\IDEA\java_install\apache-maven-3.6.3\repository\jakarta\annotation\jakarta.annotation-api\1.3.5\jakarta.annotation-api-1.3.5.jar;D:\IDEA\java_install\apache-maven-3.6.3\repository\org\springframework\spring-core\5.3.1\spring-core-5.3.1.jar;D:\IDEA\java_install\apache-maven-3.6.3\repository\org\springframework\spring-jcl\5.3.1\spring-jcl-5.3.1.jar;D:\IDEA\java_install\apache-maven-3.6.3\repository\org\yaml\snakeyaml\1.27\snakeyaml-1.27.jar;D:\IDEA\java_install\apache-maven-3.6.3\repository\org\springframework\boot\spring-boot-starter-json\2.4.0\spring-boot-starter-json-2.4.0.jar;D:\IDEA\java_install\apache-maven-3.6.3\repository\com\fasterxml\jackson\core\jackson-databind\2.11.3\jackson-databind-2.11.3.jar;D:\IDEA\java_install\apache-maven-3.6.3\repository\com\fasterxml\jackson\core\jackson-core\2.11.3\jackson-core-2.11.3.jar;D:\IDEA\java_install\apache-maven-3.6.3\repository\com\fasterxml\jackson\datatype\jackson-datatype-jdk8\2.11.3\jackson-datatype-jdk8-2.11.3.jar;D:\IDEA\java_install\apache-maven-3.6.3\repository\com\fasterxml\jackson\datatype\jackson-datatype-jsr310\2.11.3\jackson-datatype-jsr310-2.11.3.jar;D:\IDEA\java_install\apache-maven-3.6.3\repository\com\fasterxml\jackson\module\jackson-module-parameter-names\2.11.3\jackson-module-parameter-names-2.11.3.jar;D:\IDEA\java_install\apache-maven-3.6.3\repository\org\springframework\boot\spring-boot-starter-tomcat\2.4.0\spring-boot-starter-tomcat-2.4.0.jar;D:\IDEA\java_install\apache-maven-3.6.3\repository\org\apache\tomcat\embed\tomcat-embed-core\9.0.39\tomcat-embed-core-9.0.39.jar;D:\IDEA\java_install\apache-maven-3.6.3\repository\org\glassfish\jakarta.el\3.0.3\jakarta.el-3.0.3.jar;D:\IDEA\java_install\apache-maven-3.6.3\repository\org\apache\tomcat\embed\tomcat-embed-websocket\9.0.39\tomcat-embed-websocket-9.0.39.jar;D:\IDEA\java_install\apache-maven-3.6.3\repository\org\springframework\spring-web\5.3.1\spring-web-5.3.1.jar;D:\IDEA\java_install\apache-maven-3.6.3\repository\org\springframework\spring-beans\5.3.1\spring-beans-5.3.1.jar;D:\IDEA\java_install\apache-maven-3.6.3\repository\org\springframework\spring-webmvc\5.3.1\spring-webmvc-5.3.1.jar;D:\IDEA\java_install\apache-maven-3.6.3\repository\org\springframework\spring-aop\5.3.1\spring-aop-5.3.1.jar;D:\IDEA\java_install\apache-maven-3.6.3\repository\org\springframework\spring-context\5.3.1\spring-context-5.3.1.jar;D:\IDEA\java_install\apache-maven-3.6.3\repository\org\springframework\spring-expression\5.3.1\spring-expression-5.3.1.jar;D:\IDEA\java_install\apache-maven-3.6.3\repository\org\mybatis\spring\boot\mybatis-spring-boot-starter\1.3.2\mybatis-spring-boot-starter-1.3.2.jar;D:\IDEA\java_install\apache-maven-3.6.3\repository\org\springframework\boot\spring-boot-starter-jdbc\2.4.0\spring-boot-starter-jdbc-2.4.0.jar;D:\IDEA\java_install\apache-maven-3.6.3\repository\com\zaxxer\HikariCP\3.4.5\HikariCP-3.4.5.jar;D:\IDEA\java_install\apache-maven-3.6.3\repository\org\springframework\spring-jdbc\5.3.1\spring-jdbc-5.3.1.jar;D:\IDEA\java_install\apache-maven-3.6.3\repository\org\mybatis\spring\boot\mybatis-spring-boot-autoconfigure\1.3.2\mybatis-spring-boot-autoconfigure-1.3.2.jar;D:\IDEA\java_install\apache-maven-3.6.3\repository\org\mybatis\mybatis\3.4.6\mybatis-3.4.6.jar;D:\IDEA\java_install\apache-maven-3.6.3\repository\org\mybatis\mybatis-spring\1.3.2\mybatis-spring-1.3.2.jar;D:\IDEA\java_install\apache-maven-3.6.3\repository\com\github\pagehelper\pagehelper-spring-boot-starter\1.2.3\pagehelper-spring-boot-starter-1.2.3.jar;D:\IDEA\java_install\apache-maven-3.6.3\repository\com\github\pagehelper\pagehelper-spring-boot-autoconfigure\1.2.3\pagehelper-spring-boot-autoconfigure-1.2.3.jar;D:\IDEA\java_install\apache-maven-3.6.3\repository\com\github\pagehelper\pagehelper\5.1.2\pagehelper-5.1.2.jar;D:\IDEA\java_install\apache-maven-3.6.3\repository\com\github\jsqlparser\jsqlparser\1.0\jsqlparser-1.0.jar;D:\IDEA\java_install\apache-maven-3.6.3\repository\mysql\mysql-connector-java\8.0.22\mysql-connector-java-8.0.22.jar;D:\IDEA\java_install\apache-maven-3.6.3\repository\org\apache\velocity\velocity-engine-core\2.0\velocity-engine-core-2.0.jar;D:\IDEA\java_install\apache-maven-3.6.3\repository\org\apache\commons\commons-lang3\3.11\commons-lang3-3.11.jar;D:\IDEA\java_install\apache-maven-3.6.3\repository\io\springfox\springfox-swagger2\2.7.0\springfox-swagger2-2.7.0.jar;D:\IDEA\java_install\apache-maven-3.6.3\repository\io\swagger\swagger-annotations\1.5.13\swagger-annotations-1.5.13.jar;D:\IDEA\java_install\apache-maven-3.6.3\repository\io\swagger\swagger-models\1.5.13\swagger-models-1.5.13.jar;D:\IDEA\java_install\apache-maven-3.6.3\repository\com\fasterxml\jackson\core\jackson-annotations\2.11.3\jackson-annotations-2.11.3.jar;D:\IDEA\java_install\apache-maven-3.6.3\repository\io\springfox\springfox-spi\2.7.0\springfox-spi-2.7.0.jar;D:\IDEA\java_install\apache-maven-3.6.3\repository\io\springfox\springfox-core\2.7.0\springfox-core-2.7.0.jar;D:\IDEA\java_install\apache-maven-3.6.3\repository\net\bytebuddy\byte-buddy\1.10.18\byte-buddy-1.10.18.jar;D:\IDEA\java_install\apache-maven-3.6.3\repository\io\springfox\springfox-schema\2.7.0\springfox-schema-2.7.0.jar;D:\IDEA\java_install\apache-maven-3.6.3\repository\io\springfox\springfox-swagger-common\2.7.0\springfox-swagger-common-2.7.0.jar;D:\IDEA\java_install\apache-maven-3.6.3\repository\io\springfox\springfox-spring-web\2.7.0\springfox-spring-web-2.7.0.jar;D:\IDEA\java_install\apache-maven-3.6.3\repository\org\reflections\reflections\0.9.11\reflections-0.9.11.jar;D:\IDEA\java_install\apache-maven-3.6.3\repository\org\javassist\javassist\3.21.0-GA\javassist-3.21.0-GA.jar;D:\IDEA\java_install\apache-maven-3.6.3\repository\com\google\guava\guava\18.0\guava-18.0.jar;D:\IDEA\java_install\apache-maven-3.6.3\repository\com\fasterxml\classmate\1.5.1\classmate-1.5.1.jar;D:\IDEA\java_install\apache-maven-3.6.3\repository\org\springframework\plugin\spring-plugin-core\1.2.0.RELEASE\spring-plugin-core-1.2.0.RELEASE.jar;D:\IDEA\java_install\apache-maven-3.6.3\repository\org\springframework\plugin\spring-plugin-metadata\1.2.0.RELEASE\spring-plugin-metadata-1.2.0.RELEASE.jar;D:\IDEA\java_install\apache-maven-3.6.3\repository\org\mapstruct\mapstruct\1.1.0.Final\mapstruct-1.1.0.Final.jar;D:\IDEA\java_install\apache-maven-3.6.3\repository\io\springfox\springfox-swagger-ui\2.7.0\springfox-swagger-ui-2.7.0.jar;D:\IDEA\java_install\apache-maven-3.6.3\repository\org\projectlombok\lombok\1.18.16\lombok-1.18.16.jar;D:\IDEA\java_install\apache-maven-3.6.3\repository\org\apache\poi\poi\3.17\poi-3.17.jar;D:\IDEA\java_install\apache-maven-3.6.3\repository\commons-codec\commons-codec\1.15\commons-codec-1.15.jar;D:\IDEA\java_install\apache-maven-3.6.3\repository\org\apache\commons\commons-collections4\4.1\commons-collections4-4.1.jar;D:\IDEA\java_install\apache-maven-3.6.3\repository\org\apache\poi\poi-ooxml\3.17\poi-ooxml-3.17.jar;D:\IDEA\java_install\apache-maven-3.6.3\repository\org\apache\poi\poi-ooxml-schemas\3.17\poi-ooxml-schemas-3.17.jar;D:\IDEA\java_install\apache-maven-3.6.3\repository\org\apache\xmlbeans\xmlbeans\2.6.0\xmlbeans-2.6.0.jar;D:\IDEA\java_install\apache-maven-3.6.3\repository\com\github\virtuald\curvesapi\1.04\curvesapi-1.04.jar;D:\IDEA\java_install\apache-maven-3.6.3\repository\commons-fileupload\commons-fileupload\1.3.1\commons-fileupload-1.3.1.jar;D:\IDEA\java_install\apache-maven-3.6.3\repository\org\apache\httpcomponents\httpclient\4.5.1\httpclient-4.5.1.jar;D:\IDEA\java_install\apache-maven-3.6.3\repository\org\apache\httpcomponents\httpcore\4.4.13\httpcore-4.4.13.jar;D:\IDEA\java_install\apache-maven-3.6.3\repository\commons-logging\commons-logging\1.2\commons-logging-1.2.jar;D:\IDEA\java_install\apache-maven-3.6.3\repository\commons-io\commons-io\2.6\commons-io-2.6.jar;D:\IDEA\java_install\apache-maven-3.6.3\repository\com\google\code\gson\gson\2.8.2\gson-2.8.2.jar;D:\IDEA\java_install\apache-maven-3.6.3\repository\junit\junit\4.12\junit-4.12.jar;D:\IDEA\java_install\apache-maven-3.6.3\repository\org\hamcrest\hamcrest-core\2.2\hamcrest-core-2.2.jar;D:\IDEA\java_install\apache-maven-3.6.3\repository\org\hamcrest\hamcrest\2.2\hamcrest-2.2.jar;D:\IDEA\java_install\apache-maven-3.6.3\repository\ch\qos\logback\logback-classic\1.2.3\logback-classic-1.2.3.jar;D:\IDEA\java_install\apache-maven-3.6.3\repository\ch\qos\logback\logback-core\1.2.3\logback-core-1.2.3.jar;D:\IDEA\java_install\apache-maven-3.6.3\repository\org\slf4j\slf4j-api\1.7.10\slf4j-api-1.7.10.jar;D:\IDEA\java_install\apache-maven-3.6.3\repository\org\apache\logging\log4j\log4j-slf4j-impl\2.2\log4j-slf4j-impl-2.2.jar;D:\IDEA\java_install\apache-maven-3.6.3\repository\org\apache\logging\log4j\log4j-jcl\2.2\log4j-jcl-2.2.jar;D:\IDEA\java_install\apache-maven-3.6.3\repository\org\apache\logging\log4j\log4j-api\2.5\log4j-api-2.5.jar;D:\IDEA\java_install\apache-maven-3.6.3\repository\org\apache\logging\log4j\log4j-core\2.5\log4j-core-2.5.jar;"/>
    <property name="java.vm.vendor" value="Oracle Corporation"/>
    <property name="sun.arch.data.model" value="64"/>
    <property name="user.variant" value=""/>
    <property name="java.vendor.url" value="http://java.oracle.com/"/>
    <property name="user.timezone" value="GMT+08:00"/>
    <property name="java.vm.specification.version" value="1.8"/>
    <property name="os.name" value="Windows 10"/>
    <property name="user.country" value="CN"/>
    <property name="sun.java.launcher" value="SUN_STANDARD"/>
    <property name="sun.boot.library.path" value="C:\Program Files\Java\jdk1.8.0_131\jre\bin"/>
    <property name="sun.java.command" value="C:\Users\DWILL~1\AppData\Local\Temp\surefire3375539453803593678\surefirebooter6759061880781645188.jar C:\Users\D WILL\AppData\Local\Temp\surefire3375539453803593678 2020-11-26T20-02-28_583-jvmRun1 surefire2430523784444841088tmp surefire_07372056989266607006tmp"/>
    <property name="surefire.test.class.path" value="D:\IDEA\ibm_library\service\admin\target\test-classes;D:\IDEA\ibm_library\service\admin\target\classes;D:\IDEA\java_install\apache-maven-3.6.3\repository\org\junit\jupiter\junit-jupiter\5.7.0\junit-jupiter-5.7.0.jar;D:\IDEA\java_install\apache-maven-3.6.3\repository\org\junit\jupiter\junit-jupiter-api\5.7.0\junit-jupiter-api-5.7.0.jar;D:\IDEA\java_install\apache-maven-3.6.3\repository\org\apiguardian\apiguardian-api\1.1.0\apiguardian-api-1.1.0.jar;D:\IDEA\java_install\apache-maven-3.6.3\repository\org\opentest4j\opentest4j\1.2.0\opentest4j-1.2.0.jar;D:\IDEA\java_install\apache-maven-3.6.3\repository\org\junit\platform\junit-platform-commons\1.7.0\junit-platform-commons-1.7.0.jar;D:\IDEA\java_install\apache-maven-3.6.3\repository\org\junit\jupiter\junit-jupiter-params\5.7.0\junit-jupiter-params-5.7.0.jar;D:\IDEA\java_install\apache-maven-3.6.3\repository\org\junit\jupiter\junit-jupiter-engine\5.7.0\junit-jupiter-engine-5.7.0.jar;D:\IDEA\java_install\apache-maven-3.6.3\repository\org\junit\platform\junit-platform-engine\1.7.0\junit-platform-engine-1.7.0.jar;D:\IDEA\java_install\apache-maven-3.6.3\repository\com\aliyun\oss\aliyun-sdk-oss\3.1.0\aliyun-sdk-oss-3.1.0.jar;D:\IDEA\java_install\apache-maven-3.6.3\repository\org\jdom\jdom\1.1\jdom-1.1.jar;D:\IDEA\java_install\apache-maven-3.6.3\repository\com\sun\jersey\jersey-json\1.9\jersey-json-1.9.jar;D:\IDEA\java_install\apache-maven-3.6.3\repository\org\codehaus\jettison\jettison\1.1\jettison-1.1.jar;D:\IDEA\java_install\apache-maven-3.6.3\repository\stax\stax-api\1.0.1\stax-api-1.0.1.jar;D:\IDEA\java_install\apache-maven-3.6.3\repository\com\sun\xml\bind\jaxb-impl\2.2.3-1\jaxb-impl-2.2.3-1.jar;D:\IDEA\java_install\apache-maven-3.6.3\repository\org\codehaus\jackson\jackson-core-asl\1.8.3\jackson-core-asl-1.8.3.jar;D:\IDEA\java_install\apache-maven-3.6.3\repository\org\codehaus\jackson\jackson-mapper-asl\1.8.3\jackson-mapper-asl-1.8.3.jar;D:\IDEA\java_install\apache-maven-3.6.3\repository\org\codehaus\jackson\jackson-jaxrs\1.8.3\jackson-jaxrs-1.8.3.jar;D:\IDEA\java_install\apache-maven-3.6.3\repository\org\codehaus\jackson\jackson-xc\1.8.3\jackson-xc-1.8.3.jar;D:\IDEA\java_install\apache-maven-3.6.3\repository\com\sun\jersey\jersey-core\1.9\jersey-core-1.9.jar;D:\IDEA\java_install\apache-maven-3.6.3\repository\com\aliyun\aliyun-java-sdk-core\4.3.3\aliyun-java-sdk-core-4.3.3.jar;D:\IDEA\java_install\apache-maven-3.6.3\repository\javax\xml\bind\jaxb-api\2.3.1\jaxb-api-2.3.1.jar;D:\IDEA\java_install\apache-maven-3.6.3\repository\javax\activation\javax.activation-api\1.2.0\javax.activation-api-1.2.0.jar;D:\IDEA\java_install\apache-maven-3.6.3\repository\com\sun\xml\bind\jaxb-core\2.3.0.1\jaxb-core-2.3.0.1.jar;D:\IDEA\java_install\apache-maven-3.6.3\repository\javax\activation\activation\1.1.1\activation-1.1.1.jar;D:\IDEA\java_install\apache-maven-3.6.3\repository\org\jacoco\org.jacoco.agent\0.8.3\org.jacoco.agent-0.8.3-runtime.jar;D:\IDEA\java_install\apache-maven-3.6.3\repository\com\aliyun\aliyun-java-sdk-ram\3.0.0\aliyun-java-sdk-ram-3.0.0.jar;D:\IDEA\java_install\apache-maven-3.6.3\repository\com\aliyun\aliyun-java-sdk-sts\3.0.0\aliyun-java-sdk-sts-3.0.0.jar;D:\IDEA\java_install\apache-maven-3.6.3\repository\com\aliyun\aliyun-java-sdk-ecs\4.2.0\aliyun-java-sdk-ecs-4.2.0.jar;D:\IDEA\java_install\apache-maven-3.6.3\repository\joda-time\joda-time\2.10.1\joda-time-2.10.1.jar;D:\IDEA\java_install\apache-maven-3.6.3\repository\com\common\0.0.1-SNAPSHOT\common-0.0.1-SNAPSHOT.jar;D:\IDEA\java_install\apache-maven-3.6.3\repository\org\springframework\boot\spring-boot-starter-data-redis\2.4.0\spring-boot-starter-data-redis-2.4.0.jar;D:\IDEA\java_install\apache-maven-3.6.3\repository\org\springframework\data\spring-data-redis\2.4.1\spring-data-redis-2.4.1.jar;D:\IDEA\java_install\apache-maven-3.6.3\repository\org\springframework\data\spring-data-keyvalue\2.4.1\spring-data-keyvalue-2.4.1.jar;D:\IDEA\java_install\apache-maven-3.6.3\repository\org\springframework\data\spring-data-commons\2.4.1\spring-data-commons-2.4.1.jar;D:\IDEA\java_install\apache-maven-3.6.3\repository\org\springframework\spring-tx\5.3.1\spring-tx-5.3.1.jar;D:\IDEA\java_install\apache-maven-3.6.3\repository\org\springframework\spring-oxm\5.3.1\spring-oxm-5.3.1.jar;D:\IDEA\java_install\apache-maven-3.6.3\repository\org\springframework\spring-context-support\5.3.1\spring-context-support-5.3.1.jar;D:\IDEA\java_install\apache-maven-3.6.3\repository\io\lettuce\lettuce-core\6.0.1.RELEASE\lettuce-core-6.0.1.RELEASE.jar;D:\IDEA\java_install\apache-maven-3.6.3\repository\io\netty\netty-common\4.1.54.Final\netty-common-4.1.54.Final.jar;D:\IDEA\java_install\apache-maven-3.6.3\repository\io\netty\netty-handler\4.1.54.Final\netty-handler-4.1.54.Final.jar;D:\IDEA\java_install\apache-maven-3.6.3\repository\io\netty\netty-resolver\4.1.54.Final\netty-resolver-4.1.54.Final.jar;D:\IDEA\java_install\apache-maven-3.6.3\repository\io\netty\netty-buffer\4.1.54.Final\netty-buffer-4.1.54.Final.jar;D:\IDEA\java_install\apache-maven-3.6.3\repository\io\netty\netty-codec\4.1.54.Final\netty-codec-4.1.54.Final.jar;D:\IDEA\java_install\apache-maven-3.6.3\repository\io\netty\netty-transport\4.1.54.Final\netty-transport-4.1.54.Final.jar;D:\IDEA\java_install\apache-maven-3.6.3\repository\io\projectreactor\reactor-core\3.4.0\reactor-core-3.4.0.jar;D:\IDEA\java_install\apache-maven-3.6.3\repository\org\reactivestreams\reactive-streams\1.0.3\reactive-streams-1.0.3.jar;D:\IDEA\java_install\apache-maven-3.6.3\repository\org\springframework\boot\spring-boot-starter-web\2.4.0\spring-boot-starter-web-2.4.0.jar;D:\IDEA\java_install\apache-maven-3.6.3\repository\org\springframework\boot\spring-boot-starter\2.4.0\spring-boot-starter-2.4.0.jar;D:\IDEA\java_install\apache-maven-3.6.3\repository\org\springframework\boot\spring-boot\2.4.0\spring-boot-2.4.0.jar;D:\IDEA\java_install\apache-maven-3.6.3\repository\org\springframework\boot\spring-boot-autoconfigure\2.4.0\spring-boot-autoconfigure-2.4.0.jar;D:\IDEA\java_install\apache-maven-3.6.3\repository\org\springframework\boot\spring-boot-starter-logging\2.4.0\spring-boot-starter-logging-2.4.0.jar;D:\IDEA\java_install\apache-maven-3.6.3\repository\org\apache\logging\log4j\log4j-to-slf4j\2.13.3\log4j-to-slf4j-2.13.3.jar;D:\IDEA\java_install\apache-maven-3.6.3\repository\org\slf4j\jul-to-slf4j\1.7.30\jul-to-slf4j-1.7.30.jar;D:\IDEA\java_install\apache-maven-3.6.3\repository\jakarta\annotation\jakarta.annotation-api\1.3.5\jakarta.annotation-api-1.3.5.jar;D:\IDEA\java_install\apache-maven-3.6.3\repository\org\springframework\spring-core\5.3.1\spring-core-5.3.1.jar;D:\IDEA\java_install\apache-maven-3.6.3\repository\org\springframework\spring-jcl\5.3.1\spring-jcl-5.3.1.jar;D:\IDEA\java_install\apache-maven-3.6.3\repository\org\yaml\snakeyaml\1.27\snakeyaml-1.27.jar;D:\IDEA\java_install\apache-maven-3.6.3\repository\org\springframework\boot\spring-boot-starter-json\2.4.0\spring-boot-starter-json-2.4.0.jar;D:\IDEA\java_install\apache-maven-3.6.3\repository\com\fasterxml\jackson\core\jackson-databind\2.11.3\jackson-databind-2.11.3.jar;D:\IDEA\java_install\apache-maven-3.6.3\repository\com\fasterxml\jackson\core\jackson-core\2.11.3\jackson-core-2.11.3.jar;D:\IDEA\java_install\apache-maven-3.6.3\repository\com\fasterxml\jackson\datatype\jackson-datatype-jdk8\2.11.3\jackson-datatype-jdk8-2.11.3.jar;D:\IDEA\java_install\apache-maven-3.6.3\repository\com\fasterxml\jackson\datatype\jackson-datatype-jsr310\2.11.3\jackson-datatype-jsr310-2.11.3.jar;D:\IDEA\java_install\apache-maven-3.6.3\repository\com\fasterxml\jackson\module\jackson-module-parameter-names\2.11.3\jackson-module-parameter-names-2.11.3.jar;D:\IDEA\java_install\apache-maven-3.6.3\repository\org\springframework\boot\spring-boot-starter-tomcat\2.4.0\spring-boot-starter-tomcat-2.4.0.jar;D:\IDEA\java_install\apache-maven-3.6.3\repository\org\apache\tomcat\embed\tomcat-embed-core\9.0.39\tomcat-embed-core-9.0.39.jar;D:\IDEA\java_install\apache-maven-3.6.3\repository\org\glassfish\jakarta.el\3.0.3\jakarta.el-3.0.3.jar;D:\IDEA\java_install\apache-maven-3.6.3\repository\org\apache\tomcat\embed\tomcat-embed-websocket\9.0.39\tomcat-embed-websocket-9.0.39.jar;D:\IDEA\java_install\apache-maven-3.6.3\repository\org\springframework\spring-web\5.3.1\spring-web-5.3.1.jar;D:\IDEA\java_install\apache-maven-3.6.3\repository\org\springframework\spring-beans\5.3.1\spring-beans-5.3.1.jar;D:\IDEA\java_install\apache-maven-3.6.3\repository\org\springframework\spring-webmvc\5.3.1\spring-webmvc-5.3.1.jar;D:\IDEA\java_install\apache-maven-3.6.3\repository\org\springframework\spring-aop\5.3.1\spring-aop-5.3.1.jar;D:\IDEA\java_install\apache-maven-3.6.3\repository\org\springframework\spring-context\5.3.1\spring-context-5.3.1.jar;D:\IDEA\java_install\apache-maven-3.6.3\repository\org\springframework\spring-expression\5.3.1\spring-expression-5.3.1.jar;D:\IDEA\java_install\apache-maven-3.6.3\repository\org\mybatis\spring\boot\mybatis-spring-boot-starter\1.3.2\mybatis-spring-boot-starter-1.3.2.jar;D:\IDEA\java_install\apache-maven-3.6.3\repository\org\springframework\boot\spring-boot-starter-jdbc\2.4.0\spring-boot-starter-jdbc-2.4.0.jar;D:\IDEA\java_install\apache-maven-3.6.3\repository\com\zaxxer\HikariCP\3.4.5\HikariCP-3.4.5.jar;D:\IDEA\java_install\apache-maven-3.6.3\repository\org\springframework\spring-jdbc\5.3.1\spring-jdbc-5.3.1.jar;D:\IDEA\java_install\apache-maven-3.6.3\repository\org\mybatis\spring\boot\mybatis-spring-boot-autoconfigure\1.3.2\mybatis-spring-boot-autoconfigure-1.3.2.jar;D:\IDEA\java_install\apache-maven-3.6.3\repository\org\mybatis\mybatis\3.4.6\mybatis-3.4.6.jar;D:\IDEA\java_install\apache-maven-3.6.3\repository\org\mybatis\mybatis-spring\1.3.2\mybatis-spring-1.3.2.jar;D:\IDEA\java_install\apache-maven-3.6.3\repository\com\github\pagehelper\pagehelper-spring-boot-starter\1.2.3\pagehelper-spring-boot-starter-1.2.3.jar;D:\IDEA\java_install\apache-maven-3.6.3\repository\com\github\pagehelper\pagehelper-spring-boot-autoconfigure\1.2.3\pagehelper-spring-boot-autoconfigure-1.2.3.jar;D:\IDEA\java_install\apache-maven-3.6.3\repository\com\github\pagehelper\pagehelper\5.1.2\pagehelper-5.1.2.jar;D:\IDEA\java_install\apache-maven-3.6.3\repository\com\github\jsqlparser\jsqlparser\1.0\jsqlparser-1.0.jar;D:\IDEA\java_install\apache-maven-3.6.3\repository\mysql\mysql-connector-java\8.0.22\mysql-connector-java-8.0.22.jar;D:\IDEA\java_install\apache-maven-3.6.3\repository\org\apache\velocity\velocity-engine-core\2.0\velocity-engine-core-2.0.jar;D:\IDEA\java_install\apache-maven-3.6.3\repository\org\apache\commons\commons-lang3\3.11\commons-lang3-3.11.jar;D:\IDEA\java_install\apache-maven-3.6.3\repository\io\springfox\springfox-swagger2\2.7.0\springfox-swagger2-2.7.0.jar;D:\IDEA\java_install\apache-maven-3.6.3\repository\io\swagger\swagger-annotations\1.5.13\swagger-annotations-1.5.13.jar;D:\IDEA\java_install\apache-maven-3.6.3\repository\io\swagger\swagger-models\1.5.13\swagger-models-1.5.13.jar;D:\IDEA\java_install\apache-maven-3.6.3\repository\com\fasterxml\jackson\core\jackson-annotations\2.11.3\jackson-annotations-2.11.3.jar;D:\IDEA\java_install\apache-maven-3.6.3\repository\io\springfox\springfox-spi\2.7.0\springfox-spi-2.7.0.jar;D:\IDEA\java_install\apache-maven-3.6.3\repository\io\springfox\springfox-core\2.7.0\springfox-core-2.7.0.jar;D:\IDEA\java_install\apache-maven-3.6.3\repository\net\bytebuddy\byte-buddy\1.10.18\byte-buddy-1.10.18.jar;D:\IDEA\java_install\apache-maven-3.6.3\repository\io\springfox\springfox-schema\2.7.0\springfox-schema-2.7.0.jar;D:\IDEA\java_install\apache-maven-3.6.3\repository\io\springfox\springfox-swagger-common\2.7.0\springfox-swagger-common-2.7.0.jar;D:\IDEA\java_install\apache-maven-3.6.3\repository\io\springfox\springfox-spring-web\2.7.0\springfox-spring-web-2.7.0.jar;D:\IDEA\java_install\apache-maven-3.6.3\repository\org\reflections\reflections\0.9.11\reflections-0.9.11.jar;D:\IDEA\java_install\apache-maven-3.6.3\repository\org\javassist\javassist\3.21.0-GA\javassist-3.21.0-GA.jar;D:\IDEA\java_install\apache-maven-3.6.3\repository\com\google\guava\guava\18.0\guava-18.0.jar;D:\IDEA\java_install\apache-maven-3.6.3\repository\com\fasterxml\classmate\1.5.1\classmate-1.5.1.jar;D:\IDEA\java_install\apache-maven-3.6.3\repository\org\springframework\plugin\spring-plugin-core\1.2.0.RELEASE\spring-plugin-core-1.2.0.RELEASE.jar;D:\IDEA\java_install\apache-maven-3.6.3\repository\org\springframework\plugin\spring-plugin-metadata\1.2.0.RELEASE\spring-plugin-metadata-1.2.0.RELEASE.jar;D:\IDEA\java_install\apache-maven-3.6.3\repository\org\mapstruct\mapstruct\1.1.0.Final\mapstruct-1.1.0.Final.jar;D:\IDEA\java_install\apache-maven-3.6.3\repository\io\springfox\springfox-swagger-ui\2.7.0\springfox-swagger-ui-2.7.0.jar;D:\IDEA\java_install\apache-maven-3.6.3\repository\org\projectlombok\lombok\1.18.16\lombok-1.18.16.jar;D:\IDEA\java_install\apache-maven-3.6.3\repository\org\apache\poi\poi\3.17\poi-3.17.jar;D:\IDEA\java_install\apache-maven-3.6.3\repository\commons-codec\commons-codec\1.15\commons-codec-1.15.jar;D:\IDEA\java_install\apache-maven-3.6.3\repository\org\apache\commons\commons-collections4\4.1\commons-collections4-4.1.jar;D:\IDEA\java_install\apache-maven-3.6.3\repository\org\apache\poi\poi-ooxml\3.17\poi-ooxml-3.17.jar;D:\IDEA\java_install\apache-maven-3.6.3\repository\org\apache\poi\poi-ooxml-schemas\3.17\poi-ooxml-schemas-3.17.jar;D:\IDEA\java_install\apache-maven-3.6.3\repository\org\apache\xmlbeans\xmlbeans\2.6.0\xmlbeans-2.6.0.jar;D:\IDEA\java_install\apache-maven-3.6.3\repository\com\github\virtuald\curvesapi\1.04\curvesapi-1.04.jar;D:\IDEA\java_install\apache-maven-3.6.3\repository\commons-fileupload\commons-fileupload\1.3.1\commons-fileupload-1.3.1.jar;D:\IDEA\java_install\apache-maven-3.6.3\repository\org\apache\httpcomponents\httpclient\4.5.1\httpclient-4.5.1.jar;D:\IDEA\java_install\apache-maven-3.6.3\repository\org\apache\httpcomponents\httpcore\4.4.13\httpcore-4.4.13.jar;D:\IDEA\java_install\apache-maven-3.6.3\repository\commons-logging\commons-logging\1.2\commons-logging-1.2.jar;D:\IDEA\java_install\apache-maven-3.6.3\repository\commons-io\commons-io\2.6\commons-io-2.6.jar;D:\IDEA\java_install\apache-maven-3.6.3\repository\com\google\code\gson\gson\2.8.2\gson-2.8.2.jar;D:\IDEA\java_install\apache-maven-3.6.3\repository\junit\junit\4.12\junit-4.12.jar;D:\IDEA\java_install\apache-maven-3.6.3\repository\org\hamcrest\hamcrest-core\2.2\hamcrest-core-2.2.jar;D:\IDEA\java_install\apache-maven-3.6.3\repository\org\hamcrest\hamcrest\2.2\hamcrest-2.2.jar;D:\IDEA\java_install\apache-maven-3.6.3\repository\ch\qos\logback\logback-classic\1.2.3\logback-classic-1.2.3.jar;D:\IDEA\java_install\apache-maven-3.6.3\repository\ch\qos\logback\logback-core\1.2.3\logback-core-1.2.3.jar;D:\IDEA\java_install\apache-maven-3.6.3\repository\org\slf4j\slf4j-api\1.7.10\slf4j-api-1.7.10.jar;D:\IDEA\java_install\apache-maven-3.6.3\repository\org\apache\logging\log4j\log4j-slf4j-impl\2.2\log4j-slf4j-impl-2.2.jar;D:\IDEA\java_install\apache-maven-3.6.3\repository\org\apache\logging\log4j\log4j-jcl\2.2\log4j-jcl-2.2.jar;D:\IDEA\java_install\apache-maven-3.6.3\repository\org\apache\logging\log4j\log4j-api\2.5\log4j-api-2.5.jar;D:\IDEA\java_install\apache-maven-3.6.3\repository\org\apache\logging\log4j\log4j-core\2.5\log4j-core-2.5.jar;"/>
    <property name="sun.cpu.endian" value="little"/>
    <property name="user.home" value="C:\Users\D WILL"/>
    <property name="user.language" value="zh"/>
    <property name="java.specification.vendor" value="Oracle Corporation"/>
    <property name="java.home" value="C:\Program Files\Java\jdk1.8.0_131\jre"/>
    <property name="basedir" value="D:\IDEA\ibm_library\service\admin"/>
    <property name="file.separator" value="\"/>
    <property name="line.separator" value="&#10;"/>
    <property name="java.vm.specification.vendor" value="Oracle Corporation"/>
    <property name="java.specification.name" value="Java Platform API Specification"/>
    <property name="java.awt.graphicsenv" value="sun.awt.Win32GraphicsEnvironment"/>
    <property name="surefire.real.class.path" value="C:\Users\DWILL~1\AppData\Local\Temp\surefire3375539453803593678\surefirebooter6759061880781645188.jar"/>
    <property name="sun.boot.class.path" value="C:\Program Files\Java\jdk1.8.0_131\jre\lib\resources.jar;C:\Program Files\Java\jdk1.8.0_131\jre\lib\rt.jar;C:\Program Files\Java\jdk1.8.0_131\jre\lib\sunrsasign.jar;C:\Program Files\Java\jdk1.8.0_131\jre\lib\jsse.jar;C:\Program Files\Java\jdk1.8.0_131\jre\lib\jce.jar;C:\Program Files\Java\jdk1.8.0_131\jre\lib\charsets.jar;C:\Program Files\Java\jdk1.8.0_131\jre\lib\jfr.jar;C:\Program Files\Java\jdk1.8.0_131\jre\classes"/>
    <property name="user.script" value=""/>
    <property name="sun.management.compiler" value="HotSpot 64-Bit Tiered Compilers"/>
    <property name="java.runtime.version" value="1.8.0_131-b11"/>
    <property name="user.name" value="D WILL"/>
    <property name="path.separator" value=";"/>
    <property name="os.version" value="10.0"/>
    <property name="java.endorsed.dirs" value="C:\Program Files\Java\jdk1.8.0_131\jre\lib\endorsed"/>
    <property name="java.runtime.name" value="Java(TM) SE Runtime Environment"/>
    <property name="file.encoding" value="GBK"/>
    <property name="java.vm.name" value="Java HotSpot(TM) 64-Bit Server VM"/>
    <property name="localRepository" value="D:\IDEA\java_install\apache-maven-3.6.3\repository"/>
    <property name="java.vendor.url.bug" value="http://bugreport.sun.com/bugreport/"/>
    <property name="java.io.tmpdir" value="C:\Users\DWILL~1\AppData\Local\Temp\"/>
    <property name="java.version" value="1.8.0_131"/>
    <property name="user.dir" value="D:\IDEA\ibm_library\service\admin"/>
    <property name="os.arch" value="amd64"/>
    <property name="java.vm.specification.name" value="Java Virtual Machine Specification"/>
    <property name="java.awt.printerjob" value="sun.awt.windows.WPrinterJob"/>
    <property name="sun.os.patch.level" value=""/>
    <property name="idea.version2019.3.3" value="true"/>
    <property name="java.library.path" value="C:\Program Files\Java\jdk1.8.0_131\jre\bin;C:\WINDOWS\Sun\Java\bin;C:\WINDOWS\system32;C:\WINDOWS;C:\Program Files (x86)\Intel\Intel(R) Management Engine Components\iCLS\;C:\Program Files\Intel\Intel(R) Management Engine Components\iCLS\;C:\windows\system32;C:\windows;C:\windows\System32\Wbem;C:\windows\System32\WindowsPowerShell\v1.0\;C:\windows\System32\OpenSSH\;C:\Program Files (x86)\Intel\Intel(R) Management Engine Components\DAL;C:\Program Files\Intel\Intel(R) Management Engine Components\DAL;C:\Program Files\Intel\WiFi\bin\;C:\Program Files\Common Files\Intel\WirelessCommon\;C:\Program Files\Java\jdk-12.0.1\bin;C:\Program Files\dotnet\;D:\Android-studio\SDK\platform-tools;D:\Program Files (x86)\Microsoft SQL Server\100\Tools\Binn\;D:\Program Files\Microsoft SQL Server\100\Tools\Binn\;D:\Program Files\Microsoft SQL Server\100\DTS\Binn\;D:\Program Files (x86)\Microsoft SQL Server\100\Tools\Binn\VSShell\Common7\IDE\;C:\Program Files (x86)\Microsoft Visual Studio 9.0\Common7\IDE\PrivateAssemblies\;D:\Program Files (x86)\Microsoft SQL Server\100\DTS\Binn\;C:\Program Files\Microsoft\Web Platform Installer\;C:\Program Files (x86)\Microsoft ASP.NET\ASP.NET Web Pages\v1.0\;C:\Program Files\Microsoft SQL Server\110\Tools\Binn\;C:\Program Files\Microsoft SQL Server\130\Tools\Binn\;C:\Program Files (x86)\NVIDIA Corporation\PhysX\Common;C:\Program Files\NVIDIA Corporation\NVIDIA NvDLISR;C:\WINDOWS\system32;C:\WINDOWS;C:\WINDOWS\System32\Wbem;C:\WINDOWS\System32\WindowsPowerShell\v1.0\;C:\WINDOWS\System32\OpenSSH\;D:\IDEA\java_install\apache-maven-3.6.3\bin;D:\javaSql\sqlInitial\bin;C:\ProgramData\chocolatey\bin;D:\IDEA\java_install\;D:\IDEA\java_install\Git\bin;D:\应用\python\Scripts\;D:\应用\python\;C:\Users\D WILL\AppData\Local\Microsoft\WindowsApps;D:\Idea2019-3.3\IntelliJ IDEA 2019.3.3\bin;C:\Program Files\MySQL\MySQL Server 8.0\bin;D:\Microsoft VS Code\bin;C:\Users\D WILL\AppData\Roaming\npm;C:\Users\D WILL\AppData\Local\GitHubDesktop\bin;."/>
    <property name="java.vm.info" value="mixed mode"/>
    <property name="java.vendor" value="Oracle Corporation"/>
    <property name="java.vm.version" value="25.131-b11"/>
    <property name="java.ext.dirs" value="C:\Program Files\Java\jdk1.8.0_131\jre\lib\ext;C:\WINDOWS\Sun\Java\lib\ext"/>
    <property name="sun.io.unicode.encoding" value="UnicodeLittle"/>
    <property name="maven.repo.local" value="D:\IDEA\java_install\apache-maven-3.6.3\repository"/>
    <property name="java.class.version" value="52.0"/>
  </properties>
  <testcase name="test" classname="LogTest" time="0.63"/>
</testsuite>